<?xml version="1.0" encoding="UTF-8"?>
<testng-results ignored="0" total="2" passed="2" failed="0" skipped="0">
  <reporter-output>
  </reporter-output>
  <suite started-at="2022-01-06T16:48:01 IST" name="Default suite" finished-at="2022-01-06T16:48:38 IST" duration-ms="37038">
    <groups>
    </groups>
    <test started-at="2022-01-06T16:48:01 IST" name="Default test" finished-at="2022-01-06T16:48:38 IST" duration-ms="37038">
      <class name="com.perfeqta.qa.testcases.LoginPageTest">
        <test-method is-config="true" signature="setUp()[pri:0, instance:com.perfeqta.qa.testcases.LoginPageTest@6aaceffd]" started-at="2022-01-06T16:48:01 IST" name="setUp" finished-at="2022-01-06T16:48:19 IST" duration-ms="17523" status="PASS">
          <reporter-output>
          </reporter-output>
        </test-method> <!-- setUp -->
        <test-method signature="LoginTest()[pri:1, instance:com.perfeqta.qa.testcases.LoginPageTest@6aaceffd]" started-at="2022-01-06T16:48:19 IST" name="LoginTest" finished-at="2022-01-06T16:48:21 IST" duration-ms="1984" status="PASS">
          <reporter-output>
          </reporter-output>
        </test-method> <!-- LoginTest -->
        <test-method is-config="true" signature="TearDown()[pri:0, instance:com.perfeqta.qa.testcases.LoginPageTest@6aaceffd]" started-at="2022-01-06T16:48:21 IST" name="TearDown" finished-at="2022-01-06T16:48:22 IST" duration-ms="1031" status="PASS">
          <reporter-output>
          </reporter-output>
        </test-method> <!-- TearDown -->
        <test-method is-config="true" signature="setUp()[pri:0, instance:com.perfeqta.qa.testcases.LoginPageTest@6aaceffd]" started-at="2022-01-06T16:48:22 IST" name="setUp" finished-at="2022-01-06T16:48:38 IST" duration-ms="15724" status="PASS">
          <reporter-output>
          </reporter-output>
        </test-method> <!-- setUp -->
        <test-method signature="LoginPageTitleTest()[pri:2, instance:com.perfeqta.qa.testcases.LoginPageTest@6aaceffd]" started-at="2022-01-06T16:48:38 IST" name="LoginPageTitleTest" finished-at="2022-01-06T16:48:38 IST" duration-ms="29" status="PASS">
          <reporter-output>
          </reporter-output>
        </test-method> <!-- LoginPageTitleTest -->
        <test-method is-config="true" signature="TearDown()[pri:0, instance:com.perfeqta.qa.testcases.LoginPageTest@6aaceffd]" started-at="2022-01-06T16:48:38 IST" name="TearDown" finished-at="2022-01-06T16:48:38 IST" duration-ms="671" status="PASS">
          <reporter-output>
          </reporter-output>
        </test-method> <!-- TearDown -->
      </class> <!-- com.perfeqta.qa.testcases.LoginPageTest -->
    </test> <!-- Default test -->
  </suite> <!-- Default suite -->
</testng-results>
